<?xml version="1.0" encoding="UTF-8"?>
<!-- Generated by org.testng.reporters.JUnitReportReporter -->
<testsuite hostname="DESKTOP-30NH0U4" failures="0" tests="3" name="com.cucumber.selenium.step_definitions.TestRunner" time="33.928" errors="0" timestamp="2023-08-10T20:27:35 WIB" skipped="0">
  <testcase classname="com.cucumber.selenium.step_definitions.TestRunner" name="runScenario" time="25.691"/>
  <system-out/>
  <testcase classname="com.cucumber.selenium.step_definitions.TestRunner" name="runScenario" time="4.163"/>
  <system-out/>
  <testcase classname="com.cucumber.selenium.step_definitions.TestRunner" name="runScenario" time="4.074"/>
  <system-out/>
</testsuite> <!-- com.cucumber.selenium.step_definitions.TestRunner -->
