<?xml version="1.0" encoding="UTF-8"?>
<!-- Generated by org.testng.reporters.JUnitReportReporter -->
<testsuite hostname="DESKTOP-30NH0U4" failures="0" tests="1" name="com.jejakin.selenium.step_definitions.TestRunner" time="26.798" errors="0" timestamp="2023-08-07T15:39:46 WIB" skipped="0">
  <testcase classname="com.jejakin.selenium.step_definitions.TestRunner" name="runScenario" time="26.798"/>
  <system-out/>
</testsuite> <!-- com.jejakin.selenium.step_definitions.TestRunner -->
